\BOOKMARK [0][-]{chapter.1}{1 Problem Solving in Physics}{}% 1
\BOOKMARK [1][-]{section.1.1}{1.1 Parts of a problem:}{chapter.1}% 2
\BOOKMARK [1][-]{section.1.2}{1.2 Restate the Problem}{chapter.1}% 3
\BOOKMARK [1][-]{section.1.3}{1.3 Identify the type of Problem}{chapter.1}% 4
\BOOKMARK [1][-]{section.1.4}{1.4 Drawing the question}{chapter.1}% 5
\BOOKMARK [2][-]{subsection.1.4.1}{1.4.1 Coordinate Systems}{section.1.4}% 6
\BOOKMARK [1][-]{section.1.5}{1.5 Defining Variables}{chapter.1}% 7
\BOOKMARK [2][-]{subsection.1.5.1}{1.5.1 Objects}{section.1.5}% 8
\BOOKMARK [2][-]{subsection.1.5.2}{1.5.2 Derived quantities}{section.1.5}% 9
\BOOKMARK [2][-]{subsection.1.5.3}{1.5.3 Dimensional Analysis}{section.1.5}% 10
\BOOKMARK [2][-]{subsection.1.5.4}{1.5.4 Units}{section.1.5}% 11
\BOOKMARK [2][-]{subsection.1.5.5}{1.5.5 System of Units}{section.1.5}% 12
\BOOKMARK [2][-]{subsection.1.5.6}{1.5.6 Unit Conversions}{section.1.5}% 13
\BOOKMARK [2][-]{subsection.1.5.7}{1.5.7 Uncertainty in measurements}{section.1.5}% 14
\BOOKMARK [1][-]{section.1.6}{1.6 Basic Equations}{chapter.1}% 15
\BOOKMARK [1][-]{section.1.7}{1.7 Solving with symbols}{chapter.1}% 16
\BOOKMARK [2][-]{subsection.1.7.1}{1.7.1 Solve Algebraically}{section.1.7}% 17
\BOOKMARK [1][-]{section.1.8}{1.8 Numeric answer}{chapter.1}% 18
\BOOKMARK [1][-]{section.1.9}{1.9 Reasonableness check}{chapter.1}% 19
\BOOKMARK [2][-]{subsection.1.9.1}{1.9.1 Estimates}{section.1.9}% 20
\BOOKMARK [1][-]{section.1.10}{1.10 Units Check}{chapter.1}% 21
\BOOKMARK [1][-]{section.1.11}{1.11 Problem Solving Process}{chapter.1}% 22
